2023-02-24T10:15:46.747+05:30  INFO 41472 --- [restartedMain] com.lti.shopping.ShoppingApplication     : Starting ShoppingApplication using Java 19.0.2 with PID 41472 (D:\Training\Java Advanced\shopping\target\classes started by 10715879 in D:\Training\Java Advanced\shopping)
2023-02-24T10:15:46.751+05:30  INFO 41472 --- [restartedMain] com.lti.shopping.ShoppingApplication     : No active profile set, falling back to 1 default profile: "default"
2023-02-24T10:15:46.843+05:30  INFO 41472 --- [restartedMain] .e.DevToolsPropertyDefaultsPostProcessor : Devtools property defaults active! Set 'spring.devtools.add-properties' to 'false' to disable
2023-02-24T10:15:46.844+05:30  INFO 41472 --- [restartedMain] .e.DevToolsPropertyDefaultsPostProcessor : For additional web related logging consider setting the 'logging.level.web' property to 'DEBUG'
2023-02-24T10:15:47.686+05:30  INFO 41472 --- [restartedMain] .s.d.r.c.RepositoryConfigurationDelegate : Bootstrapping Spring Data JPA repositories in DEFAULT mode.
2023-02-24T10:15:47.712+05:30  INFO 41472 --- [restartedMain] .s.d.r.c.RepositoryConfigurationDelegate : Finished Spring Data repository scanning in 15 ms. Found 0 JPA repository interfaces.
2023-02-24T10:15:48.769+05:30  INFO 41472 --- [restartedMain] o.s.b.w.embedded.tomcat.TomcatWebServer  : Tomcat initialized with port(s): 8069 (http)
2023-02-24T10:15:48.781+05:30  INFO 41472 --- [restartedMain] o.apache.catalina.core.StandardService   : Starting service [Tomcat]
2023-02-24T10:15:48.781+05:30  INFO 41472 --- [restartedMain] o.apache.catalina.core.StandardEngine    : Starting Servlet engine: [Apache Tomcat/10.1.5]
2023-02-24T10:15:48.847+05:30  INFO 41472 --- [restartedMain] o.a.c.c.C.[Tomcat].[localhost].[/]       : Initializing Spring embedded WebApplicationContext
2023-02-24T10:15:48.848+05:30  INFO 41472 --- [restartedMain] w.s.c.ServletWebServerApplicationContext : Root WebApplicationContext: initialization completed in 2003 ms
2023-02-24T10:15:49.031+05:30  INFO 41472 --- [restartedMain] o.hibernate.jpa.internal.util.LogHelper  : HHH000204: Processing PersistenceUnitInfo [name: default]
2023-02-24T10:15:49.111+05:30  INFO 41472 --- [restartedMain] org.hibernate.Version                    : HHH000412: Hibernate ORM core version 6.1.7.Final
2023-02-24T10:15:49.453+05:30  INFO 41472 --- [restartedMain] com.zaxxer.hikari.HikariDataSource       : HikariPool-1 - Starting...
2023-02-24T10:15:49.741+05:30  INFO 41472 --- [restartedMain] com.zaxxer.hikari.pool.HikariPool        : HikariPool-1 - Added connection com.mysql.cj.jdbc.ConnectionImpl@72a5bf98
2023-02-24T10:15:49.743+05:30  INFO 41472 --- [restartedMain] com.zaxxer.hikari.HikariDataSource       : HikariPool-1 - Start completed.
2023-02-24T10:15:49.795+05:30  INFO 41472 --- [restartedMain] SQL dialect                              : HHH000400: Using dialect: org.hibernate.dialect.MySQLDialect
2023-02-24T10:15:50.128+05:30  INFO 41472 --- [restartedMain] o.h.e.t.j.p.i.JtaPlatformInitiator       : HHH000490: Using JtaPlatform implementation: [org.hibernate.engine.transaction.jta.platform.internal.NoJtaPlatform]
2023-02-24T10:15:50.140+05:30  INFO 41472 --- [restartedMain] j.LocalContainerEntityManagerFactoryBean : Initialized JPA EntityManagerFactory for persistence unit 'default'
2023-02-24T10:15:50.230+05:30  WARN 41472 --- [restartedMain] JpaBaseConfiguration$JpaWebConfiguration : spring.jpa.open-in-view is enabled by default. Therefore, database queries may be performed during view rendering. Explicitly configure spring.jpa.open-in-view to disable this warning
2023-02-24T10:15:50.712+05:30  WARN 41472 --- [restartedMain] o.s.b.d.a.OptionalLiveReloadServer       : Unable to start LiveReload server
2023-02-24T10:15:50.759+05:30  INFO 41472 --- [restartedMain] o.s.b.w.embedded.tomcat.TomcatWebServer  : Tomcat started on port(s): 8069 (http) with context path ''
2023-02-24T10:15:50.773+05:30  INFO 41472 --- [restartedMain] com.lti.shopping.ShoppingApplication     : Started ShoppingApplication in 4.691 seconds (process running for 5.379)
